# JRE version: OpenJDK Runtime Environment (11.0.10) (build 11.0.10+0-b96-7249189)
# Java VM: OpenJDK 64-Bit Server VM (11.0.10+0-b96-7249189, mixed mode, tiered, compressed oops, g1 gc, windows-amd64)
Heap:
 garbage-first heap   total 437248K, used 119780K [0x0000000080000000, 0x0000000100000000)
  region size 1024K, 12 young (12288K), 12 survivors (12288K)
 Metaspace       used 104004K, capacity 106853K, committed 106908K, reserved 1142784K
  class space    used 13448K, capacity 14554K, committed 14592K, reserved 1048576K
GC Heap History (20 events):
Event: 38.032 GC heap after
{Heap after GC invocations=33 (full 0):
 garbage-first heap   total 227328K, used 106209K [0x0000000080000000, 0x0000000100000000)
  region size 1024K, 6 young (6144K), 6 survivors (6144K)
 Metaspace       used 103613K, capacity 106428K, committed 106652K, reserved 1142784K
  class space    used 13439K, capacity 14513K, committed 14592K, reserved 1048576K
}
Event: 38.423 GC heap before
{Heap before GC invocations=33 (full 0):
 garbage-first heap   total 227328K, used 189153K [0x0000000080000000, 0x0000000100000000)
  region size 1024K, 87 young (89088K), 6 survivors (6144K)
 Metaspace       used 103641K, capacity 106434K, committed 106652K, reserved 1142784K
  class space    used 13439K, capacity 14513K, committed 14592K, reserved 1048576K
}
Event: 38.453 GC heap after
{Heap after GC invocations=34 (full 0):
 garbage-first heap   total 227328K, used 106496K [0x0000000080000000, 0x0000000100000000)
  region size 1024K, 6 young (6144K), 6 survivors (6144K)
 Metaspace       used 103641K, capacity 106434K, committed 106652K, reserved 1142784K
  class space    used 13439K, capacity 14513K, committed 14592K, reserved 1048576K
}
Event: 38.902 GC heap before
{Heap before GC invocations=34 (full 0):
 garbage-first heap   total 227328K, used 189440K [0x0000000080000000, 0x0000000100000000)
  region size 1024K, 88 young (90112K), 6 survivors (6144K)
 Metaspace       used 103780K, capacity 106600K, committed 106908K, reserved 1142784K
  class space    used 13442K, capacity 14518K, committed 14592K, reserved 1048576K
}
Event: 38.925 GC heap after
{Heap after GC invocations=35 (full 0):
 garbage-first heap   total 273408K, used 106748K [0x0000000080000000, 0x0000000100000000)
  region size 1024K, 6 young (6144K), 6 survivors (6144K)
 Metaspace       used 103780K, capacity 106600K, committed 106908K, reserved 1142784K
  class space    used 13442K, capacity 14518K, committed 14592K, reserved 1048576K
}
Event: 39.558 GC heap before
{Heap before GC invocations=35 (full 0):
 garbage-first heap   total 273408K, used 213244K [0x0000000080000000, 0x0000000100000000)
  region size 1024K, 110 young (112640K), 6 survivors (6144K)
 Metaspace       used 103819K, capacity 106603K, committed 106908K, reserved 1142784K
  class space    used 13442K, capacity 14518K, committed 14592K, reserved 1048576K
}
Event: 39.591 GC heap after
{Heap after GC invocations=36 (full 0):
 garbage-first heap   total 273408K, used 108024K [0x0000000080000000, 0x0000000100000000)
  region size 1024K, 7 young (7168K), 7 survivors (7168K)
 Metaspace       used 103819K, capacity 106603K, committed 106908K, reserved 1142784K
  class space    used 13442K, capacity 14518K, committed 14592K, reserved 1048576K
}
Event: 40.523 GC heap before
{Heap before GC invocations=36 (full 0):
 garbage-first heap   total 273408K, used 220664K [0x0000000080000000, 0x0000000100000000)
  region size 1024K, 118 young (120832K), 7 survivors (7168K)
 Metaspace       used 103880K, capacity 106682K, committed 106908K, reserved 1142784K
  class space    used 13444K, capacity 14520K, committed 14592K, reserved 1048576K
}
Event: 40.544 GC heap after
{Heap after GC invocations=37 (full 0):
 garbage-first heap   total 273408K, used 110289K [0x0000000080000000, 0x0000000100000000)
  region size 1024K, 9 young (9216K), 9 survivors (9216K)
 Metaspace       used 103880K, capacity 106682K, committed 106908K, reserved 1142784K
  class space    used 13444K, capacity 14520K, committed 14592K, reserved 1048576K
}
Event: 41.097 GC heap before
{Heap before GC invocations=37 (full 0):
 garbage-first heap   total 273408K, used 229073K [0x0000000080000000, 0x0000000100000000)
  region size 1024K, 125 young (128000K), 9 survivors (9216K)
 Metaspace       used 103913K, capacity 106688K, committed 106908K, reserved 1142784K
  class space    used 13444K, capacity 14521K, committed 14592K, reserved 1048576K
}
Event: 41.127 GC heap after
{Heap after GC invocations=38 (full 0):
 garbage-first heap   total 273408K, used 113950K [0x0000000080000000, 0x0000000100000000)
  region size 1024K, 12 young (12288K), 12 survivors (12288K)
 Metaspace       used 103913K, capacity 106688K, committed 106908K, reserved 1142784K
  class space    used 13444K, capacity 14521K, committed 14592K, reserved 1048576K
}
Event: 41.613 GC heap before
{Heap before GC invocations=38 (full 0):
 garbage-first heap   total 273408K, used 228638K [0x0000000080000000, 0x0000000100000000)
  region size 1024K, 124 young (126976K), 12 survivors (12288K)
 Metaspace       used 103936K, capacity 106753K, committed 106908K, reserved 1142784K
  class space    used 13444K, capacity 14521K, committed 14592K, reserved 1048576K
}
Event: 41.647 GC heap after
{Heap after GC invocations=39 (full 0):
 garbage-first heap   total 347136K, used 115200K [0x0000000080000000, 0x0000000100000000)
  region size 1024K, 8 young (8192K), 8 survivors (8192K)
 Metaspace       used 103936K, capacity 106753K, committed 106908K, reserved 1142784K
  class space    used 13444K, capacity 14521K, committed 14592K, reserved 1048576K
}
Event: 42.449 GC heap before
{Heap before GC invocations=39 (full 0):
 garbage-first heap   total 347136K, used 256512K [0x0000000080000000, 0x0000000100000000)
  region size 1024K, 146 young (149504K), 8 survivors (8192K)
 Metaspace       used 103964K, capacity 106785K, committed 106908K, reserved 1142784K
  class space    used 13446K, capacity 14553K, committed 14592K, reserved 1048576K
}
Event: 42.471 GC heap after
{Heap after GC invocations=40 (full 0):
 garbage-first heap   total 347136K, used 116490K [0x0000000080000000, 0x0000000100000000)
  region size 1024K, 9 young (9216K), 9 survivors (9216K)
 Metaspace       used 103964K, capacity 106785K, committed 106908K, reserved 1142784K
  class space    used 13446K, capacity 14553K, committed 14592K, reserved 1048576K
}
Event: 43.165 GC heap before
{Heap before GC invocations=40 (full 0):
 garbage-first heap   total 347136K, used 276234K [0x0000000080000000, 0x0000000100000000)
  region size 1024K, 165 young (168960K), 9 survivors (9216K)
 Metaspace       used 103977K, capacity 106785K, committed 106908K, reserved 1142784K
  class space    used 13446K, capacity 14553K, committed 14592K, reserved 1048576K
}
Event: 43.190 GC heap after
{Heap after GC invocations=41 (full 0):
 garbage-first heap   total 347136K, used 117760K [0x0000000080000000, 0x0000000100000000)
  region size 1024K, 10 young (10240K), 10 survivors (10240K)
 Metaspace       used 103977K, capacity 106785K, committed 106908K, reserved 1142784K
  class space    used 13446K, capacity 14553K, committed 14592K, reserved 1048576K
}
Event: 43.886 GC heap before
{Heap before GC invocations=41 (full 0):
 garbage-first heap   total 347136K, used 285696K [0x0000000080000000, 0x0000000100000000)
  region size 1024K, 174 young (178176K), 10 survivors (10240K)
 Metaspace       used 103983K, capacity 106785K, committed 106908K, reserved 1142784K
  class space    used 13447K, capacity 14553K, committed 14592K, reserved 1048576K
}
Event: 43.913 GC heap after
{Heap after GC invocations=42 (full 0):
 garbage-first heap   total 347136K, used 118219K [0x0000000080000000, 0x0000000100000000)
  region size 1024K, 11 young (11264K), 11 survivors (11264K)
 Metaspace       used 103983K, capacity 106785K, committed 106908K, reserved 1142784K
  class space    used 13447K, capacity 14553K, committed 14592K, reserved 1048576K
}
Event: 44.601 GC heap before
{Heap before GC invocations=42 (full 0):
 garbage-first heap   total 347136K, used 290251K [0x0000000080000000, 0x0000000100000000)
  region size 1024K, 179 young (183296K), 11 survivors (11264K)
 Metaspace       used 104004K, capacity 106853K, committed 106908K, reserved 1142784K
  class space    used 13448K, capacity 14554K, committed 14592K, reserved 1048576K
}

