# JRE version: OpenJDK Runtime Environment (11.0.10) (build 11.0.10+0-b96-7249189)
# Java VM: OpenJDK 64-Bit Server VM (11.0.10+0-b96-7249189, mixed mode, tiered, compressed oops, g1 gc, windows-amd64)
Heap:
 garbage-first heap   total 227328K, used 171203K [0x0000000080000000, 0x0000000100000000)
  region size 1024K, 77 young (78848K), 7 survivors (7168K)
 Metaspace       used 95834K, capacity 98287K, committed 98512K, reserved 1134592K
  class space    used 12229K, capacity 13086K, committed 13184K, reserved 1048576K
GC Heap History (20 events):
Event: 14.410 GC heap before
{Heap before GC invocations=14 (full 0):
 garbage-first heap   total 189440K, used 122938K [0x0000000080000000, 0x0000000100000000)
  region size 1024K, 80 young (81920K), 7 survivors (7168K)
 Metaspace       used 65802K, capacity 67234K, committed 67536K, reserved 1107968K
  class space    used 8429K, capacity 8970K, committed 9088K, reserved 1048576K
}
Event: 14.444 GC heap after
{Heap after GC invocations=15 (full 0):
 garbage-first heap   total 189440K, used 53831K [0x0000000080000000, 0x0000000100000000)
  region size 1024K, 8 young (8192K), 8 survivors (8192K)
 Metaspace       used 65802K, capacity 67234K, committed 67536K, reserved 1107968K
  class space    used 8429K, capacity 8970K, committed 9088K, reserved 1048576K
}
Event: 16.429 GC heap before
{Heap before GC invocations=15 (full 0):
 garbage-first heap   total 189440K, used 129607K [0x0000000080000000, 0x0000000100000000)
  region size 1024K, 82 young (83968K), 8 survivors (8192K)
 Metaspace       used 73027K, capacity 74659K, committed 74960K, reserved 1114112K
  class space    used 9453K, capacity 10026K, committed 10112K, reserved 1048576K
}
Event: 16.463 GC heap after
{Heap after GC invocations=16 (full 0):
 garbage-first heap   total 189440K, used 58572K [0x0000000080000000, 0x0000000100000000)
  region size 1024K, 11 young (11264K), 11 survivors (11264K)
 Metaspace       used 73027K, capacity 74659K, committed 74960K, reserved 1114112K
  class space    used 9453K, capacity 10026K, committed 10112K, reserved 1048576K
}
Event: 19.860 GC heap before
{Heap before GC invocations=16 (full 0):
 garbage-first heap   total 189440K, used 134348K [0x0000000080000000, 0x0000000100000000)
  region size 1024K, 86 young (88064K), 11 survivors (11264K)
 Metaspace       used 77759K, capacity 79559K, committed 79696K, reserved 1118208K
  class space    used 10082K, capacity 10728K, committed 10752K, reserved 1048576K
}
Event: 19.917 GC heap after
{Heap after GC invocations=17 (full 0):
 garbage-first heap   total 227328K, used 66560K [0x0000000080000000, 0x0000000100000000)
  region size 1024K, 11 young (11264K), 11 survivors (11264K)
 Metaspace       used 77759K, capacity 79559K, committed 79696K, reserved 1118208K
  class space    used 10082K, capacity 10728K, committed 10752K, reserved 1048576K
}
Event: 23.870 GC heap before
{Heap before GC invocations=17 (full 0):
 garbage-first heap   total 227328K, used 159744K [0x0000000080000000, 0x0000000100000000)
  region size 1024K, 103 young (105472K), 11 survivors (11264K)
 Metaspace       used 83340K, capacity 85269K, committed 85584K, reserved 1124352K
  class space    used 10713K, capacity 11407K, committed 11520K, reserved 1048576K
}
Event: 23.914 GC heap after
{Heap after GC invocations=18 (full 0):
 garbage-first heap   total 227328K, used 78952K [0x0000000080000000, 0x0000000100000000)
  region size 1024K, 12 young (12288K), 12 survivors (12288K)
 Metaspace       used 83340K, capacity 85269K, committed 85584K, reserved 1124352K
  class space    used 10713K, capacity 11407K, committed 11520K, reserved 1048576K
}
Event: 27.677 GC heap before
{Heap before GC invocations=18 (full 0):
 garbage-first heap   total 227328K, used 172136K [0x0000000080000000, 0x0000000100000000)
  region size 1024K, 99 young (101376K), 12 survivors (12288K)
 Metaspace       used 88306K, capacity 90347K, committed 90448K, reserved 1128448K
  class space    used 11296K, capacity 12023K, committed 12032K, reserved 1048576K
}
Event: 27.709 GC heap after
{Heap after GC invocations=19 (full 0):
 garbage-first heap   total 227328K, used 83433K [0x0000000080000000, 0x0000000100000000)
  region size 1024K, 6 young (6144K), 6 survivors (6144K)
 Metaspace       used 88306K, capacity 90347K, committed 90448K, reserved 1128448K
  class space    used 11296K, capacity 12023K, committed 12032K, reserved 1048576K
}
Event: 32.591 GC heap before
{Heap before GC invocations=19 (full 0):
 garbage-first heap   total 227328K, used 172521K [0x0000000080000000, 0x0000000100000000)
  region size 1024K, 94 young (96256K), 6 survivors (6144K)
 Metaspace       used 89853K, capacity 92096K, committed 92240K, reserved 1130496K
  class space    used 11469K, capacity 12258K, committed 12288K, reserved 1048576K
}
Event: 32.611 GC heap after
{Heap after GC invocations=20 (full 0):
 garbage-first heap   total 227328K, used 85124K [0x0000000080000000, 0x0000000100000000)
  region size 1024K, 8 young (8192K), 8 survivors (8192K)
 Metaspace       used 89853K, capacity 92096K, committed 92240K, reserved 1130496K
  class space    used 11469K, capacity 12258K, committed 12288K, reserved 1048576K
}
Event: 36.092 GC heap before
{Heap before GC invocations=20 (full 0):
 garbage-first heap   total 227328K, used 177284K [0x0000000080000000, 0x0000000100000000)
  region size 1024K, 97 young (99328K), 8 survivors (8192K)
 Metaspace       used 93371K, capacity 95591K, committed 95696K, reserved 1132544K
  class space    used 11865K, capacity 12641K, committed 12672K, reserved 1048576K
}
Event: 36.119 GC heap after
{Heap after GC invocations=21 (full 0):
 garbage-first heap   total 227328K, used 93634K [0x0000000080000000, 0x0000000100000000)
  region size 1024K, 10 young (10240K), 10 survivors (10240K)
 Metaspace       used 93371K, capacity 95591K, committed 95696K, reserved 1132544K
  class space    used 11865K, capacity 12641K, committed 12672K, reserved 1048576K
}
Event: 37.250 GC heap before
{Heap before GC invocations=21 (full 0):
 garbage-first heap   total 227328K, used 179650K [0x0000000080000000, 0x0000000100000000)
  region size 1024K, 94 young (96256K), 10 survivors (10240K)
 Metaspace       used 93372K, capacity 95591K, committed 95696K, reserved 1132544K
  class space    used 11866K, capacity 12641K, committed 12672K, reserved 1048576K
}
Event: 37.276 GC heap after
{Heap after GC invocations=22 (full 0):
 garbage-first heap   total 227328K, used 105136K [0x0000000080000000, 0x0000000100000000)
  region size 1024K, 12 young (12288K), 12 survivors (12288K)
 Metaspace       used 93372K, capacity 95591K, committed 95696K, reserved 1132544K
  class space    used 11866K, capacity 12641K, committed 12672K, reserved 1048576K
}
Event: 87.124 GC heap before
{Heap before GC invocations=22 (full 0):
 garbage-first heap   total 227328K, used 179888K [0x0000000080000000, 0x0000000100000000)
  region size 1024K, 85 young (87040K), 12 survivors (12288K)
 Metaspace       used 95794K, capacity 98238K, committed 98384K, reserved 1134592K
  class space    used 12222K, capacity 13050K, committed 13056K, reserved 1048576K
}
Event: 87.135 GC heap after
{Heap after GC invocations=23 (full 0):
 garbage-first heap   total 227328K, used 95477K [0x0000000080000000, 0x0000000100000000)
  region size 1024K, 4 young (4096K), 4 survivors (4096K)
 Metaspace       used 95794K, capacity 98238K, committed 98384K, reserved 1134592K
  class space    used 12222K, capacity 13050K, committed 13056K, reserved 1048576K
}
Event: 89.505 GC heap before
{Heap before GC invocations=23 (full 0):
 garbage-first heap   total 227328K, used 182517K [0x0000000080000000, 0x0000000100000000)
  region size 1024K, 87 young (89088K), 4 survivors (4096K)
 Metaspace       used 95813K, capacity 98272K, committed 98512K, reserved 1134592K
  class space    used 12225K, capacity 13083K, committed 13184K, reserved 1048576K
}
Event: 89.514 GC heap after
{Heap after GC invocations=24 (full 0):
 garbage-first heap   total 227328K, used 100547K [0x0000000080000000, 0x0000000100000000)
  region size 1024K, 7 young (7168K), 7 survivors (7168K)
 Metaspace       used 95813K, capacity 98272K, committed 98512K, reserved 1134592K
  class space    used 12225K, capacity 13083K, committed 13184K, reserved 1048576K
}

